<?xml version="1.0" encoding="UTF-8" ?>
<testsuite tests="7" failures="0" name="com.tyeporter.greeting.GreetingTest" time="0.002" errors="0" skipped="0">
  <properties>
    <property name="java.runtime.name" value="Java(TM) SE Runtime Environment"/>
    <property name="java.vm.version" value="14.0.2+12-46"/>
    <property name="sun.boot.library.path" value="/Library/Java/JavaVirtualMachines/jdk-14.0.2.jdk/Contents/Home/lib"/>
    <property name="maven.multiModuleProjectDirectory" value="/Users/tyeporter/Documents/GitHub/WozU-SDET/labs/week 3/day 15/Greeting"/>
    <property name="java.vm.vendor" value="Oracle Corporation"/>
    <property name="java.vendor.url" value="https://java.oracle.com/"/>
    <property name="guice.disable.misplaced.annotation.check" value="true"/>
    <property name="path.separator" value=":"/>
    <property name="java.vm.name" value="Java HotSpot(TM) 64-Bit Server VM"/>
    <property name="user.country" value="US"/>
    <property name="sun.java.launcher" value="SUN_STANDARD"/>
    <property name="test" value="com.tyeporter.greeting.GreetingTest"/>
    <property name="java.vm.specification.name" value="Java Virtual Machine Specification"/>
    <property name="user.dir" value="/Users/tyeporter/Documents/GitHub/WozU-SDET/labs/week 3/day 15/Greeting"/>
    <property name="java.vm.compressedOopsMode" value="Zero based"/>
    <property name="java.runtime.version" value="14.0.2+12-46"/>
    <property name="os.arch" value="x86_64"/>
    <property name="java.io.tmpdir" value="/var/folders/_0/99fyb8v16dn3p75d_bdp181m0000gn/T/"/>
    <property name="line.separator" value="
"/>
    <property name="java.vm.specification.vendor" value="Oracle Corporation"/>
    <property name="os.name" value="Mac OS X"/>
    <property name="classworlds.conf" value="/Users/tyeporter/dev/apache-maven-3.6.3/bin/m2.conf"/>
    <property name="sun.jnu.encoding" value="UTF-8"/>
    <property name="java.library.path" value="/Users/tyeporter/Library/Java/Extensions:/Library/Java/Extensions:/Network/Library/Java/Extensions:/System/Library/Java/Extensions:/usr/lib/java:."/>
    <property name="maven.conf" value="/Users/tyeporter/dev/apache-maven-3.6.3/conf"/>
    <property name="jdk.debug" value="release"/>
    <property name="java.class.version" value="58.0"/>
    <property name="java.specification.name" value="Java Platform API Specification"/>
    <property name="sun.management.compiler" value="HotSpot 64-Bit Tiered Compilers"/>
    <property name="skipTests" value="false"/>
    <property name="os.version" value="10.15.7"/>
    <property name="library.jansi.path" value="/Users/tyeporter/dev/apache-maven-3.6.3/lib/jansi-native"/>
    <property name="http.nonProxyHosts" value="local|*.local|169.254/16|*.169.254/16"/>
    <property name="user.home" value="/Users/tyeporter"/>
    <property name="user.timezone" value="America/Chicago"/>
    <property name="file.encoding" value="UTF-8"/>
    <property name="java.specification.version" value="14"/>
    <property name="user.name" value="tyeporter"/>
    <property name="java.class.path" value="/Users/tyeporter/dev/apache-maven-3.6.3/boot/plexus-classworlds-2.6.0.jar"/>
    <property name="java.vm.specification.version" value="14"/>
    <property name="sun.arch.data.model" value="64"/>
    <property name="sun.java.command" value="org.codehaus.plexus.classworlds.launcher.Launcher test -DskipTests=false -Dtest=com.tyeporter.greeting.GreetingTest"/>
    <property name="java.home" value="/Library/Java/JavaVirtualMachines/jdk-14.0.2.jdk/Contents/Home"/>
    <property name="user.language" value="en"/>
    <property name="java.specification.vendor" value="Oracle Corporation"/>
    <property name="java.vm.info" value="mixed mode, sharing"/>
    <property name="java.version" value="14.0.2"/>
    <property name="java.vendor" value="Oracle Corporation"/>
    <property name="maven.home" value="/Users/tyeporter/dev/apache-maven-3.6.3"/>
    <property name="file.separator" value="/"/>
    <property name="java.version.date" value="2020-07-14"/>
    <property name="java.vendor.url.bug" value="https://bugreport.java.com/bugreport/"/>
    <property name="sun.io.unicode.encoding" value="UnicodeBig"/>
    <property name="sun.cpu.endian" value="little"/>
    <property name="socksNonProxyHosts" value="local|*.local|169.254/16|*.169.254/16"/>
    <property name="ftp.nonProxyHosts" value="local|*.local|169.254/16|*.169.254/16"/>
  </properties>
  <testcase classname="com.tyeporter.greeting.GreetingTest" name="com.tyeporter.greeting.GreetingTest.testGreet_GivenName_GreetsPerson" time="0.002"/>
  <testcase classname="com.tyeporter.greeting.GreetingTest" name="com.tyeporter.greeting.GreetingTest.testGreet_GivenNull_GreetsFriend" time="0"/>
  <testcase classname="com.tyeporter.greeting.GreetingTest" name="com.tyeporter.greeting.GreetingTest.testGreet_GivenUppercaseName_GreetPersonWithUppercase" time="0"/>
  <testcase classname="com.tyeporter.greeting.GreetingTest" name="com.tyeporter.greeting.GreetingTest.testGreet_GivenTwoNames_GreetsTwoPeople" time="0"/>
  <testcase classname="com.tyeporter.greeting.GreetingTest" name="com.tyeporter.greeting.GreetingTest.testGreet_GivenNameAndNull_GreetsPersonAndFriend" time="0"/>
  <testcase classname="com.tyeporter.greeting.GreetingTest" name="com.tyeporter.greeting.GreetingTest.testGreet_GivenMultipleNames_GreetsPeople" time="0"/>
  <testcase classname="com.tyeporter.greeting.GreetingTest" name="com.tyeporter.greeting.GreetingTest.testGreet_GivenNameAndUppercaseName_GreetsPersonAndOtherWithUppercase" time="0"/>
</testsuite>